clearml-session - CLI for launching JupyterLab / VSCode on a remote machine
Checking session #66dd54a4e8274faeafc09bd6b0611e90
got here too
headers:  {'Authorization': 'Bearer eyJ0eXAiOiJKV1QiLCJhbGciOiJIUzI1NiJ9.eyJleHAiOjE3MDIzNjA5ODYsImVudiI6ImNvbW11bml0eSIsInRlbmFudCI6ImRiN2U5MWY1NTEyOTQ5NWRiZWE0MDUxN2MxNjY2NDAzIiwiYXV0aF90eXBlIjoiQmVhcmVyIiwiaWRlbnRpdHkiOnsiY29tcGFueSI6ImRiN2U5MWY1NTEyOTQ5NWRiZWE0MDUxN2MxNjY2NDAzIiwiY29tcGFueV9uYW1lIjoiRXJpYyBSaWRkb2NoJ3Mgd29ya3NwYWNlIiwicm9sZSI6ImFkbWluIiwidXNlciI6IjNkZDlhYzQ5NzlkYzQ2Mjg4NTdlM2UwYjE3Yzg5OTQ3IiwidXNlcl9uYW1lIjoiRXJpYyBSaWRkb2NoIn0sImlhdCI6MTY5OTc2ODk4NiwiYXBpX3ZlcnNpb24iOiIyLjI3Iiwic2VydmVyX3ZlcnNpb24iOiIzLjE5LjEiLCJzZXJ2ZXJfYnVpbGQiOiIxMjMzIiwiZmVhdHVyZV9zZXQiOiJiYXNpYyIsImNsaWVudCI6ImNsZWFybWwtc2VydmVyLTMuMTkuMSwgY2xlYXJtbC1zZXNzaW9uLTAuOS4wLCBjbGVhcm1sLTEuMTMuMSJ9.sHAoGeiXZBB_hsFzJUi7JCwxlXYI7a_l_FnTqCt8r4c'} service:  tasks action:  get_by_id version:  2.23 method:  get data:  None json:  {'task': '66dd54a4e8274faeafc09bd6b0611e90'} params:  None
headers:  {'Authorization': 'Bearer eyJ0eXAiOiJKV1QiLCJhbGciOiJIUzI1NiJ9.eyJleHAiOjE3MDIzNjA5ODYsImVudiI6ImNvbW11bml0eSIsInRlbmFudCI6ImRiN2U5MWY1NTEyOTQ5NWRiZWE0MDUxN2MxNjY2NDAzIiwiYXV0aF90eXBlIjoiQmVhcmVyIiwiaWRlbnRpdHkiOnsiY29tcGFueSI6ImRiN2U5MWY1NTEyOTQ5NWRiZWE0MDUxN2MxNjY2NDAzIiwiY29tcGFueV9uYW1lIjoiRXJpYyBSaWRkb2NoJ3Mgd29ya3NwYWNlIiwicm9sZSI6ImFkbWluIiwidXNlciI6IjNkZDlhYzQ5NzlkYzQ2Mjg4NTdlM2UwYjE3Yzg5OTQ3IiwidXNlcl9uYW1lIjoiRXJpYyBSaWRkb2NoIn0sImlhdCI6MTY5OTc2ODk4NiwiYXBpX3ZlcnNpb24iOiIyLjI3Iiwic2VydmVyX3ZlcnNpb24iOiIzLjE5LjEiLCJzZXJ2ZXJfYnVpbGQiOiIxMjMzIiwiZmVhdHVyZV9zZXQiOiJiYXNpYyIsImNsaWVudCI6ImNsZWFybWwtc2VydmVyLTMuMTkuMSwgY2xlYXJtbC1zZXNzaW9uLTAuOS4wLCBjbGVhcm1sLTEuMTMuMSJ9.sHAoGeiXZBB_hsFzJUi7JCwxlXYI7a_l_FnTqCt8r4c'} service:  tasks action:  get_all version:  2.23 method:  get data:  None json:  {'id': ['66dd54a4e8274faeafc09bd6b0611e90'], 'only_fields': ['status', 'status_message', 'id'], 'search_hidden': False} params:  None
Connecting to active session id=66dd54a4e8274faeafc09bd6b0611e90
Waiting for remote machine allocation [id=66dd54a4e8274faeafc09bd6b0611e90]
.headers:  {'Authorization': 'Bearer eyJ0eXAiOiJKV1QiLCJhbGciOiJIUzI1NiJ9.eyJleHAiOjE3MDIzNjA5ODYsImVudiI6ImNvbW11bml0eSIsInRlbmFudCI6ImRiN2U5MWY1NTEyOTQ5NWRiZWE0MDUxN2MxNjY2NDAzIiwiYXV0aF90eXBlIjoiQmVhcmVyIiwiaWRlbnRpdHkiOnsiY29tcGFueSI6ImRiN2U5MWY1NTEyOTQ5NWRiZWE0MDUxN2MxNjY2NDAzIiwiY29tcGFueV9uYW1lIjoiRXJpYyBSaWRkb2NoJ3Mgd29ya3NwYWNlIiwicm9sZSI6ImFkbWluIiwidXNlciI6IjNkZDlhYzQ5NzlkYzQ2Mjg4NTdlM2UwYjE3Yzg5OTQ3IiwidXNlcl9uYW1lIjoiRXJpYyBSaWRkb2NoIn0sImlhdCI6MTY5OTc2ODk4NiwiYXBpX3ZlcnNpb24iOiIyLjI3Iiwic2VydmVyX3ZlcnNpb24iOiIzLjE5LjEiLCJzZXJ2ZXJfYnVpbGQiOiIxMjMzIiwiZmVhdHVyZV9zZXQiOiJiYXNpYyIsImNsaWVudCI6ImNsZWFybWwtc2VydmVyLTMuMTkuMSwgY2xlYXJtbC1zZXNzaW9uLTAuOS4wLCBjbGVhcm1sLTEuMTMuMSJ9.sHAoGeiXZBB_hsFzJUi7JCwxlXYI7a_l_FnTqCt8r4c'} service:  tasks action:  get_all version:  2.23 method:  get data:  None json:  {'id': ['66dd54a4e8274faeafc09bd6b0611e90'], 'only_fields': ['status', 'status_message', 'id'], 'search_hidden': False} params:  None
Status [in_progress] 
Remote machine allocated
Setting remote environment [Task id=66dd54a4e8274faeafc09bd6b0611e90]
Setup process details: https://app.clear.ml/projects/d6d6b35bdc4a422fa80be41b49bddde0/experiments/66dd54a4e8274faeafc09bd6b0611e90/output/log
Waiting for environment setup to complete [usually about 20-30 seconds, see last log line/s below]
headers:  {'Authorization': 'Bearer eyJ0eXAiOiJKV1QiLCJhbGciOiJIUzI1NiJ9.eyJleHAiOjE3MDIzNjA5ODYsImVudiI6ImNvbW11bml0eSIsInRlbmFudCI6ImRiN2U5MWY1NTEyOTQ5NWRiZWE0MDUxN2MxNjY2NDAzIiwiYXV0aF90eXBlIjoiQmVhcmVyIiwiaWRlbnRpdHkiOnsiY29tcGFueSI6ImRiN2U5MWY1NTEyOTQ5NWRiZWE0MDUxN2MxNjY2NDAzIiwiY29tcGFueV9uYW1lIjoiRXJpYyBSaWRkb2NoJ3Mgd29ya3NwYWNlIiwicm9sZSI6ImFkbWluIiwidXNlciI6IjNkZDlhYzQ5NzlkYzQ2Mjg4NTdlM2UwYjE3Yzg5OTQ3IiwidXNlcl9uYW1lIjoiRXJpYyBSaWRkb2NoIn0sImlhdCI6MTY5OTc2ODk4NiwiYXBpX3ZlcnNpb24iOiIyLjI3Iiwic2VydmVyX3ZlcnNpb24iOiIzLjE5LjEiLCJzZXJ2ZXJfYnVpbGQiOiIxMjMzIiwiZmVhdHVyZV9zZXQiOiJiYXNpYyIsImNsaWVudCI6ImNsZWFybWwtc2VydmVyLTMuMTkuMSwgY2xlYXJtbC1zZXNzaW9uLTAuOS4wLCBjbGVhcm1sLTEuMTMuMSJ9.sHAoGeiXZBB_hsFzJUi7JCwxlXYI7a_l_FnTqCt8r4c'} service:  tasks action:  get_by_id version:  2.23 method:  get data:  None json:  {'task': '66dd54a4e8274faeafc09bd6b0611e90'} params:  None
     

headers:  {'Authorization': 'Bearer eyJ0eXAiOiJKV1QiLCJhbGciOiJIUzI1NiJ9.eyJleHAiOjE3MDIzNjA5ODYsImVudiI6ImNvbW11bml0eSIsInRlbmFudCI6ImRiN2U5MWY1NTEyOTQ5NWRiZWE0MDUxN2MxNjY2NDAzIiwiYXV0aF90eXBlIjoiQmVhcmVyIiwiaWRlbnRpdHkiOnsiY29tcGFueSI6ImRiN2U5MWY1NTEyOTQ5NWRiZWE0MDUxN2MxNjY2NDAzIiwiY29tcGFueV9uYW1lIjoiRXJpYyBSaWRkb2NoJ3Mgd29ya3NwYWNlIiwicm9sZSI6ImFkbWluIiwidXNlciI6IjNkZDlhYzQ5NzlkYzQ2Mjg4NTdlM2UwYjE3Yzg5OTQ3IiwidXNlcl9uYW1lIjoiRXJpYyBSaWRkb2NoIn0sImlhdCI6MTY5OTc2ODk4NiwiYXBpX3ZlcnNpb24iOiIyLjI3Iiwic2VydmVyX3ZlcnNpb24iOiIzLjE5LjEiLCJzZXJ2ZXJfYnVpbGQiOiIxMjMzIiwiZmVhdHVyZV9zZXQiOiJiYXNpYyIsImNsaWVudCI6ImNsZWFybWwtc2VydmVyLTMuMTkuMSwgY2xlYXJtbC1zZXNzaW9uLTAuOS4wLCBjbGVhcm1sLTEuMTMuMSJ9.sHAoGeiXZBB_hsFzJUi7JCwxlXYI7a_l_FnTqCt8r4c'} service:  tasks action:  get_all version:  2.23 method:  get data:  None json:  {'id': ['66dd54a4e8274faeafc09bd6b0611e90'], 'only_fields': ['status', 'status_message', 'id'], 'search_hidden': False} params:  None

Remote machine is ready
Setting up connection to remote session
headers:  {'Authorization': 'Bearer eyJ0eXAiOiJKV1QiLCJhbGciOiJIUzI1NiJ9.eyJleHAiOjE3MDIzNjA5ODYsImVudiI6ImNvbW11bml0eSIsInRlbmFudCI6ImRiN2U5MWY1NTEyOTQ5NWRiZWE0MDUxN2MxNjY2NDAzIiwiYXV0aF90eXBlIjoiQmVhcmVyIiwiaWRlbnRpdHkiOnsiY29tcGFueSI6ImRiN2U5MWY1NTEyOTQ5NWRiZWE0MDUxN2MxNjY2NDAzIiwiY29tcGFueV9uYW1lIjoiRXJpYyBSaWRkb2NoJ3Mgd29ya3NwYWNlIiwicm9sZSI6ImFkbWluIiwidXNlciI6IjNkZDlhYzQ5NzlkYzQ2Mjg4NTdlM2UwYjE3Yzg5OTQ3IiwidXNlcl9uYW1lIjoiRXJpYyBSaWRkb2NoIn0sImlhdCI6MTY5OTc2ODk4NiwiYXBpX3ZlcnNpb24iOiIyLjI3Iiwic2VydmVyX3ZlcnNpb24iOiIzLjE5LjEiLCJzZXJ2ZXJfYnVpbGQiOiIxMjMzIiwiZmVhdHVyZV9zZXQiOiJiYXNpYyIsImNsaWVudCI6ImNsZWFybWwtc2VydmVyLTMuMTkuMSwgY2xlYXJtbC1zZXNzaW9uLTAuOS4wLCBjbGVhcm1sLTEuMTMuMSJ9.sHAoGeiXZBB_hsFzJUi7JCwxlXYI7a_l_FnTqCt8r4c'} service:  tasks action:  get_all version:  2.23 method:  get data:  None json:  {'id': ['66dd54a4e8274faeafc09bd6b0611e90'], 'only_fields': ['status', 'status_message', 'id'], 'search_hidden': False} params:  None
headers:  {'Authorization': 'Bearer eyJ0eXAiOiJKV1QiLCJhbGciOiJIUzI1NiJ9.eyJleHAiOjE3MDIzNjA5ODYsImVudiI6ImNvbW11bml0eSIsInRlbmFudCI6ImRiN2U5MWY1NTEyOTQ5NWRiZWE0MDUxN2MxNjY2NDAzIiwiYXV0aF90eXBlIjoiQmVhcmVyIiwiaWRlbnRpdHkiOnsiY29tcGFueSI6ImRiN2U5MWY1NTEyOTQ5NWRiZWE0MDUxN2MxNjY2NDAzIiwiY29tcGFueV9uYW1lIjoiRXJpYyBSaWRkb2NoJ3Mgd29ya3NwYWNlIiwicm9sZSI6ImFkbWluIiwidXNlciI6IjNkZDlhYzQ5NzlkYzQ2Mjg4NTdlM2UwYjE3Yzg5OTQ3IiwidXNlcl9uYW1lIjoiRXJpYyBSaWRkb2NoIn0sImlhdCI6MTY5OTc2ODk4NiwiYXBpX3ZlcnNpb24iOiIyLjI3Iiwic2VydmVyX3ZlcnNpb24iOiIzLjE5LjEiLCJzZXJ2ZXJfYnVpbGQiOiIxMjMzIiwiZmVhdHVyZV9zZXQiOiJiYXNpYyIsImNsaWVudCI6ImNsZWFybWwtc2VydmVyLTMuMTkuMSwgY2xlYXJtbC1zZXNzaW9uLTAuOS4wLCBjbGVhcm1sLTEuMTMuMSJ9.sHAoGeiXZBB_hsFzJUi7JCwxlXYI7a_l_FnTqCt8r4c'} service:  tasks action:  get_by_id version:  2.23 method:  get data:  None json:  {'task': '66dd54a4e8274faeafc09bd6b0611e90'} params:  None
Starting SSH tunnel to root@54.186.106.133, port 10022
Warning: Permanently added '[54.186.106.133]:10022' (ED25519) to the list of known hosts.
root@54.186.106.133's password: pass

Linux ip-172-31-26-64.us-west-2.compute.internal 6.1.59-84.139.amzn2023.x86_64 #1 SMP PREEMPT_DYNAMIC Tue Oct 24 20:57:25 UTC 2023 x86_64

The programs included with the Debian GNU/Linux system are free software;
the exact distribution terms for each program are described in the
individual files in /usr/share/doc/*/copyright.

Debian GNU/Linux comes with ABSOLUTELY NO WARRANTY, to the extent
permitted by applicable law.
Last login: Sun Nov 12 06:02:07 2023 from 76.29.151.110
[?2004h(3.9) root@ip-172-31-26-64:~# 